<?xml version="1.0" encoding="UTF-8"?>
<!-- Generated by org.testng.reporters.JUnitXMLReporter -->
<testsuite hostname="DESKTOP-FL062FU" ignored="6" tests="0" failures="0" timestamp="15 Aug 2020 05:15:40 GMT" time="45.959" errors="0">
  <testcase name="FindElementbyTagName" time="0.0" classname="findindElements.FindElemetsByID">
    <ignored/>
  </testcase> <!-- FindElementbyTagName -->
  <testcase name="FindElementbyName" time="0.0" classname="findindElements.FindElemetsByID">
    <ignored/>
  </testcase> <!-- FindElementbyName -->
  <testcase name="FindElementyID" time="0.0" classname="findindElements.FindElemetsByID">
    <ignored/>
  </testcase> <!-- FindElementyID -->
  <testcase name="FindElementInTablebyTagName" time="0.0" classname="findindElements.FindElemetsByID">
    <ignored/>
  </testcase> <!-- FindElementInTablebyTagName -->
  <testcase name="FindElementInTablebyCSSSelector" time="0.0" classname="findindElements.FindElemetsByID">
    <ignored/>
  </testcase> <!-- FindElementInTablebyCSSSelector -->
  <testcase name="FindElementbyClassName" time="0.0" classname="findindElements.FindElemetsByID">
    <ignored/>
  </testcase> <!-- FindElementbyClassName -->
</testsuite>
